<?xml version="1.0" encoding="UTF-8" ?>
<testsuite errors="0" failures="0" hostname="MSudha" name="com.jenkins.test.ConcatenateTest" skipped="0" tests="1" time="0.103" timestamp="2019-11-03T18:01:20">
  <properties>
    <property name="ant.project.invoked-targets" value="init,compile,makejar" />
    <property name="java.runtime.name" value="Java(TM) SE Runtime Environment" />
    <property name="sun.boot.library.path" value="C:\Program Files\Java\jre1.8.0_65\bin" />
    <property name="java.vm.version" value="25.65-b01" />
    <property name="ant.library.dir" value="C:\Softwares\apache-ant-1.10.5\lib" />
    <property name="ant.version" value="Apache Ant(TM) version 1.10.5 compiled on July 10 2018" />
    <property name="ant.java.version" value="1.8" />
    <property name="java.vm.vendor" value="Oracle Corporation" />
    <property name="java.vendor.url" value="http://java.oracle.com/" />
    <property name="path.separator" value=";" />
    <property name="java.vm.name" value="Java HotSpot(TM) 64-Bit Server VM" />
    <property name="file.encoding.pkg" value="sun.io" />
    <property name="user.script" value="" />
    <property name="user.country" value="IN" />
    <property name="sun.java.launcher" value="SUN_STANDARD" />
    <property name="sun.os.patch.level" value="" />
    <property name="java.vm.specification.name" value="Java Virtual Machine Specification" />
    <property name="user.dir" value="C:\Users\Sudha\git\Sudha_Local_Repository\JunitTest" />
    <property name="java.runtime.version" value="1.8.0_65-b17" />
    <property name="java.awt.graphicsenv" value="sun.awt.Win32GraphicsEnvironment" />
    <property name="basedir" value="C:\Users\Sudha\git\Sudha_Local_Repository\JunitTest" />
    <property name="java.endorsed.dirs" value="C:\Program Files\Java\jre1.8.0_65\lib\endorsed" />
    <property name="os.arch" value="amd64" />
    <property name="ant.project.default-target" value="makejar" />
    <property name="java.io.tmpdir" value="C:\WINDOWS\TEMP\" />
    <property name="ant.core.lib" value="C:\Softwares\apache-ant-1.10.5\lib\ant.jar" />
    <property name="line.separator" value="&#xd;&#xa;" />
    <property name="java.vm.specification.vendor" value="Oracle Corporation" />
    <property name="user.variant" value="" />
    <property name="os.name" value="Windows 8.1" />
    <property name="ant.home" value="C:\Softwares\apache-ant-1.10.5\bin\.." />
    <property name="ant.project.name" value="JenkinsTest" />
    <property name="sun.jnu.encoding" value="Cp1252" />
    <property name="java.library.path" value="C:\ProgramData\Oracle\Java\javapath;C:\WINDOWS\Sun\Java\bin;C:\WINDOWS\system32;C:\WINDOWS;C:\app\Sudha\product\11.1.0\db_2\bin;C:\ProgramData\Oracle\Java\javapath;C:\Program Files (x86)\Lenovo\FusionEngine;C:\Program Files (x86)\Intel\iCLS Client\;C:\Program Files\Intel\iCLS Client\;C:\WINDOWS\system32;C:\WINDOWS;C:\WINDOWS\System32\Wbem;C:\WINDOWS\System32\WindowsPowerShell\v1.0\;C:\Program Files (x86)\ATI Technologies\ATI.ACE\Core-Static;C:\Program Files\Intel\Intel(R) Management Engine Components\DAL;C:\Program Files (x86)\Intel\Intel(R) Management Engine Components\DAL;C:\Program Files\Intel\Intel(R) Management Engine Components\IPT;C:\Program Files (x86)\Intel\Intel(R) Management Engine Components\IPT;C:\Program Files\Intel\WiFi\bin\;C:\Program Files\Common Files\Intel\WirelessCommon\;C:\Program Files (x86)\Common Files\lenovo\easyplussdk\bin;C:\Program Files\Java\jdk1.8.0_65\bin;C:\Softwares\apache-ant-1.10.5\bin;C:\Program Files\Git\cmd;;." />
    <property name="ant.file.JenkinsTest" value="C:\Users\Sudha\git\Sudha_Local_Repository\JunitTest\build.xml" />
    <property name="java.specification.name" value="Java Platform API Specification" />
    <property name="java.class.version" value="52.0" />
    <property name="sun.management.compiler" value="HotSpot 64-Bit Tiered Compilers" />
    <property name="os.version" value="6.3" />
    <property name="ant.file" value="C:\Users\Sudha\git\Sudha_Local_Repository\JunitTest\build.xml" />
    <property name="user.home" value="C:\WINDOWS\system32\config\systemprofile" />
    <property name="user.timezone" value="" />
    <property name="java.awt.printerjob" value="sun.awt.windows.WPrinterJob" />
    <property name="java.specification.version" value="1.8" />
    <property name="ant.file.type.JenkinsTest" value="file" />
    <property name="file.encoding" value="Cp1252" />
    <property name="java.class.path" value="C:\Softwares\apache-ant-1.10.5\bin\..\lib\ant-launcher.jar;C:\Softwares\apache-ant-1.10.5\lib\ant-antlr.jar;C:\Softwares\apache-ant-1.10.5\lib\ant-apache-bcel.jar;C:\Softwares\apache-ant-1.10.5\lib\ant-apache-bsf.jar;C:\Softwares\apache-ant-1.10.5\lib\ant-apache-log4j.jar;C:\Softwares\apache-ant-1.10.5\lib\ant-apache-oro.jar;C:\Softwares\apache-ant-1.10.5\lib\ant-apache-regexp.jar;C:\Softwares\apache-ant-1.10.5\lib\ant-apache-resolver.jar;C:\Softwares\apache-ant-1.10.5\lib\ant-apache-xalan2.jar;C:\Softwares\apache-ant-1.10.5\lib\ant-commons-logging.jar;C:\Softwares\apache-ant-1.10.5\lib\ant-commons-net.jar;C:\Softwares\apache-ant-1.10.5\lib\ant-jai.jar;C:\Softwares\apache-ant-1.10.5\lib\ant-javamail.jar;C:\Softwares\apache-ant-1.10.5\lib\ant-jdepend.jar;C:\Softwares\apache-ant-1.10.5\lib\ant-jmf.jar;C:\Softwares\apache-ant-1.10.5\lib\ant-jsch.jar;C:\Softwares\apache-ant-1.10.5\lib\ant-junit.jar;C:\Softwares\apache-ant-1.10.5\lib\ant-junit4.jar;C:\Softwares\apache-ant-1.10.5\lib\ant-junitlauncher.jar;C:\Softwares\apache-ant-1.10.5\lib\ant-launcher.jar;C:\Softwares\apache-ant-1.10.5\lib\ant-netrexx.jar;C:\Softwares\apache-ant-1.10.5\lib\ant-swing.jar;C:\Softwares\apache-ant-1.10.5\lib\ant-testutil.jar;C:\Softwares\apache-ant-1.10.5\lib\ant-xz.jar;C:\Softwares\apache-ant-1.10.5\lib\ant.jar;C:\Program Files\Java\jre1.8.0_65\lib\tools.jar" />
    <property name="user.name" value="MSUDHA$" />
    <property name="java.vm.specification.version" value="1.8" />
    <property name="java.home" value="C:\Program Files\Java\jre1.8.0_65" />
    <property name="sun.java.command" value="org.apache.tools.ant.launch.Launcher -file build.xml init compile makejar" />
    <property name="sun.arch.data.model" value="64" />
    <property name="user.language" value="en" />
    <property name="java.specification.vendor" value="Oracle Corporation" />
    <property name="awt.toolkit" value="sun.awt.windows.WToolkit" />
    <property name="java.vm.info" value="mixed mode" />
    <property name="java.version" value="1.8.0_65" />
    <property name="java.ext.dirs" value="C:\Program Files\Java\jre1.8.0_65\lib\ext;C:\WINDOWS\Sun\Java\lib\ext" />
    <property name="sun.boot.class.path" value="C:\Program Files\Java\jre1.8.0_65\lib\resources.jar;C:\Program Files\Java\jre1.8.0_65\lib\rt.jar;C:\Program Files\Java\jre1.8.0_65\lib\sunrsasign.jar;C:\Program Files\Java\jre1.8.0_65\lib\jsse.jar;C:\Program Files\Java\jre1.8.0_65\lib\jce.jar;C:\Program Files\Java\jre1.8.0_65\lib\charsets.jar;C:\Program Files\Java\jre1.8.0_65\lib\jfr.jar;C:\Program Files\Java\jre1.8.0_65\classes" />
    <property name="java.vendor" value="Oracle Corporation" />
    <property name="file.separator" value="\" />
    <property name="java.vendor.url.bug" value="http://bugreport.sun.com/bugreport/" />
    <property name="sun.io.unicode.encoding" value="UnicodeLittle" />
    <property name="sun.cpu.endian" value="little" />
    <property name="ant.file.type" value="file" />
    <property name="sun.desktop" value="windows" />
    <property name="sun.cpu.isalist" value="amd64" />
  </properties>
  <testcase classname="com.jenkins.test.ConcatenateTest" name="testConcatenate" time="0.007" />
  <system-out><![CDATA[Result onetwo
]]></system-out>
  <system-err><![CDATA[]]></system-err>
</testsuite>
