<?xml version="1.0" encoding="UTF-8" ?>
<testsuite errors="1" failures="0" hostname="MSudha" name="com.jenkins.test.ConcatenateTest" skipped="0" tests="1" time="0.0" timestamp="2019-11-03T16:54:17">
  <properties>
    <property name="ant.project.invoked-targets" value="makejar" />
    <property name="java.runtime.name" value="Java(TM) SE Runtime Environment" />
    <property name="sun.boot.library.path" value="C:\Program Files\Java\jre1.8.0_65\bin" />
    <property name="java.vm.version" value="25.65-b01" />
    <property name="ant.library.dir" value="C:\Softwares\apache-ant-1.10.5\lib" />
    <property name="ant.version" value="Apache Ant(TM) version 1.10.5 compiled on July 10 2018" />
    <property name="ant.java.version" value="1.8" />
    <property name="java.vm.vendor" value="Oracle Corporation" />
    <property name="java.vendor.url" value="http://java.oracle.com/" />
    <property name="path.separator" value=";" />
    <property name="java.vm.name" value="Java HotSpot(TM) 64-Bit Server VM" />
    <property name="file.encoding.pkg" value="sun.io" />
    <property name="user.script" value="" />
    <property name="user.country" value="IN" />
    <property name="sun.java.launcher" value="SUN_STANDARD" />
    <property name="sun.os.patch.level" value="" />
    <property name="java.vm.specification.name" value="Java Virtual Machine Specification" />
    <property name="user.dir" value="D:\Workspace\SpringMVC\JenkinsTest" />
    <property name="java.runtime.version" value="1.8.0_65-b17" />
    <property name="java.awt.graphicsenv" value="sun.awt.Win32GraphicsEnvironment" />
    <property name="eclipse.pdebuild.scripts" value="/D:/Java Softwares/eclipse-jee-kepler-SR1-win32-x86_64/eclipse/plugins/org.eclipse.pde.build_3.8.100.v20130514-1028/scripts/" />
    <property name="basedir" value="D:\Workspace\SpringMVC\JenkinsTest" />
    <property name="java.endorsed.dirs" value="C:\Program Files\Java\jre1.8.0_65\lib\endorsed" />
    <property name="os.arch" value="amd64" />
    <property name="ant.project.default-target" value="makejar" />
    <property name="java.io.tmpdir" value="C:\Users\Sudha\AppData\Local\Temp\" />
    <property name="ant.core.lib" value="C:\Softwares\apache-ant-1.10.5\lib\ant.jar" />
    <property name="line.separator" value="&#xd;&#xa;" />
    <property name="java.vm.specification.vendor" value="Oracle Corporation" />
    <property name="user.variant" value="" />
    <property name="os.name" value="Windows 8.1" />
    <property name="ant.home" value="C:\Softwares\apache-ant-1.10.5" />
    <property name="eclipse.pdebuild.templates" value="/D:/Java Softwares/eclipse-jee-kepler-SR1-win32-x86_64/eclipse/plugins/org.eclipse.pde.build_3.8.100.v20130514-1028/templates/" />
    <property name="ant.project.name" value="JenkinsTest" />
    <property name="sun.jnu.encoding" value="Cp1252" />
    <property name="eclipse.pdebuild.home" value="/D:/Java Softwares/eclipse-jee-kepler-SR1-win32-x86_64/eclipse/plugins/org.eclipse.pde.build_3.8.100.v20130514-1028/./" />
    <property name="java.library.path" value="D:\Java Softwares\eclipse-jee-kepler-SR1-win32-x86_64\eclipse;C:\WINDOWS\Sun\Java\bin;C:\WINDOWS\system32;C:\WINDOWS;C:/Program Files/Java/jre1.8.0_65/bin/server;C:/Program Files/Java/jre1.8.0_65/bin;C:/Program Files/Java/jre1.8.0_65/lib/amd64;C:\app\Sudha\product\11.1.0\db_2\bin;C:\ProgramData\Oracle\Java\javapath;C:\Program Files (x86)\Lenovo\FusionEngine;C:\Program Files (x86)\Intel\iCLS Client\;C:\Program Files\Intel\iCLS Client\;C:\WINDOWS\system32;C:\WINDOWS;C:\WINDOWS\System32\Wbem;C:\WINDOWS\System32\WindowsPowerShell\v1.0\;C:\Program Files (x86)\ATI Technologies\ATI.ACE\Core-Static;C:\Program Files\Intel\Intel(R) Management Engine Components\DAL;C:\Program Files (x86)\Intel\Intel(R) Management Engine Components\DAL;C:\Program Files\Intel\Intel(R) Management Engine Components\IPT;C:\Program Files (x86)\Intel\Intel(R) Management Engine Components\IPT;C:\Program Files\Intel\WiFi\bin\;C:\Program Files\Common Files\Intel\WirelessCommon\;C:\Program Files (x86)\Common Files\lenovo\easyplussdk\bin;C:\Program Files\Java\jdk1.8.0_65\bin;C:\Softwares\apache-ant-1.10.5\bin;C:\Program Files\Git\cmd;D:\Java Softwares\eclipse-jee-kepler-SR1-win32-x86_64\eclipse;;.;D:\Java Softwares\eclipse-jee-kepler-SR1-win32-x86_64\eclipse\configuration\org.eclipse.osgi\bundles\662\1\.cp" />
    <property name="ant.file.JenkinsTest" value="D:\Workspace\SpringMVC\JenkinsTest\build.xml" />
    <property name="java.specification.name" value="Java Platform API Specification" />
    <property name="java.class.version" value="52.0" />
    <property name="sun.management.compiler" value="HotSpot 64-Bit Tiered Compilers" />
    <property name="os.version" value="6.3" />
    <property name="ant.file" value="D:\Workspace\SpringMVC\JenkinsTest\build.xml" />
    <property name="user.home" value="C:\Users\Sudha" />
    <property name="user.timezone" value="" />
    <property name="java.awt.printerjob" value="sun.awt.windows.WPrinterJob" />
    <property name="ant.file.type.JenkinsTest" value="file" />
    <property name="file.encoding" value="Cp1252" />
    <property name="java.specification.version" value="1.8" />
    <property name="java.class.path" value="C:\Softwares\apache-ant-1.10.5\lib\ant-antlr.jar;C:\Softwares\apache-ant-1.10.5\lib\ant-apache-bcel.jar;C:\Softwares\apache-ant-1.10.5\lib\ant-apache-bsf.jar;C:\Softwares\apache-ant-1.10.5\lib\ant-apache-log4j.jar;C:\Softwares\apache-ant-1.10.5\lib\ant-apache-oro.jar;C:\Softwares\apache-ant-1.10.5\lib\ant-apache-regexp.jar;C:\Softwares\apache-ant-1.10.5\lib\ant-apache-resolver.jar;C:\Softwares\apache-ant-1.10.5\lib\ant-apache-xalan2.jar;C:\Softwares\apache-ant-1.10.5\lib\ant-commons-logging.jar;C:\Softwares\apache-ant-1.10.5\lib\ant-commons-net.jar;C:\Softwares\apache-ant-1.10.5\lib\ant-jai.jar;C:\Softwares\apache-ant-1.10.5\lib\ant-javamail.jar;C:\Softwares\apache-ant-1.10.5\lib\ant-jdepend.jar;C:\Softwares\apache-ant-1.10.5\lib\ant-jmf.jar;C:\Softwares\apache-ant-1.10.5\lib\ant-jsch.jar;C:\Softwares\apache-ant-1.10.5\lib\ant-junit.jar;C:\Softwares\apache-ant-1.10.5\lib\ant-junit4.jar;C:\Softwares\apache-ant-1.10.5\lib\ant-junitlauncher.jar;C:\Softwares\apache-ant-1.10.5\lib\ant-launcher.jar;C:\Softwares\apache-ant-1.10.5\lib\ant-netrexx.jar;C:\Softwares\apache-ant-1.10.5\lib\ant-swing.jar;C:\Softwares\apache-ant-1.10.5\lib\ant-testutil.jar;C:\Softwares\apache-ant-1.10.5\lib\ant-xz.jar;C:\Softwares\apache-ant-1.10.5\lib\ant.jar;D:\Java Softwares\eclipse-jee-kepler-SR1-win32-x86_64\eclipse\configuration\org.eclipse.osgi\bundles\898\1\.cp\lib\antdebug.jar;D:\Java Softwares\eclipse-jee-kepler-SR1-win32-x86_64\eclipse\configuration\org.eclipse.osgi\bundles\898\1\.cp\lib\remote.jar;D:\Java Softwares\eclipse-jee-kepler-SR1-win32-x86_64\eclipse\configuration\org.eclipse.osgi\bundles\899\1\.cp\lib\remoteAnt.jar;C:\Program Files\Java\jre1.8.0_65\lib\tools.jar;D:\Java Softwares\eclipse-jee-kepler-SR1-win32-x86_64\eclipse\plugins\org.eclipse.swt.win32.win32.x86_64_3.102.1.v20130827-2048.jar" />
    <property name="user.name" value="Sudha" />
    <property name="java.vm.specification.version" value="1.8" />
    <property name="java.home" value="C:\Program Files\Java\jre1.8.0_65" />
    <property name="sun.java.command" value="org.eclipse.ant.internal.launching.remote.InternalAntRunner -Dorg.eclipse.ant.core.ANT_PROCESS_ID=1572800055111 -Declipse.connect.port=61438 -Declipse.pdebuild.home=/D:/Java Softwares/eclipse-jee-kepler-SR1-win32-x86_64/eclipse/plugins/org.eclipse.pde.build_3.8.100.v20130514-1028/./ -Declipse.pdebuild.scripts=/D:/Java Softwares/eclipse-jee-kepler-SR1-win32-x86_64/eclipse/plugins/org.eclipse.pde.build_3.8.100.v20130514-1028/scripts/ -Declipse.pdebuild.templates=/D:/Java Softwares/eclipse-jee-kepler-SR1-win32-x86_64/eclipse/plugins/org.eclipse.pde.build_3.8.100.v20130514-1028/templates/ -Dant.home=C:\Softwares\apache-ant-1.10.5 -logger org.eclipse.ant.internal.launching.remote.logger.RemoteAntBuildLogger -inputhandler org.eclipse.ant.internal.ui.antsupport.inputhandler.ProxyInputHandler -buildfile D:\Workspace\SpringMVC\JenkinsTest\build.xml" />
    <property name="sun.arch.data.model" value="64" />
    <property name="java.specification.vendor" value="Oracle Corporation" />
    <property name="user.language" value="en" />
    <property name="awt.toolkit" value="sun.awt.windows.WToolkit" />
    <property name="java.vm.info" value="mixed mode" />
    <property name="java.version" value="1.8.0_65" />
    <property name="java.ext.dirs" value="C:\Program Files\Java\jre1.8.0_65\lib\ext;C:\WINDOWS\Sun\Java\lib\ext" />
    <property name="sun.boot.class.path" value="C:\Program Files\Java\jre1.8.0_65\lib\resources.jar;C:\Program Files\Java\jre1.8.0_65\lib\rt.jar;C:\Program Files\Java\jre1.8.0_65\lib\sunrsasign.jar;C:\Program Files\Java\jre1.8.0_65\lib\jsse.jar;C:\Program Files\Java\jre1.8.0_65\lib\jce.jar;C:\Program Files\Java\jre1.8.0_65\lib\charsets.jar;C:\Program Files\Java\jre1.8.0_65\lib\jfr.jar;C:\Program Files\Java\jre1.8.0_65\classes" />
    <property name="java.vendor" value="Oracle Corporation" />
    <property name="file.separator" value="\" />
    <property name="java.vendor.url.bug" value="http://bugreport.sun.com/bugreport/" />
    <property name="sun.cpu.endian" value="little" />
    <property name="sun.io.unicode.encoding" value="UnicodeLittle" />
    <property name="sun.desktop" value="windows" />
    <property name="sun.cpu.isalist" value="amd64" />
  </properties>
  <error message="com.jenkins.test.ConcatenateTest" type="java.lang.ClassNotFoundException">java.lang.ClassNotFoundException: com.jenkins.test.ConcatenateTest
	at java.lang.ClassLoader.loadClass(Unknown Source)
	at java.lang.Class.forName0(Native Method)
	at java.lang.Class.forName(Unknown Source)
	at org.eclipse.ant.internal.launching.remote.InternalAntRunner.run(InternalAntRunner.java:424)
	at org.eclipse.ant.internal.launching.remote.InternalAntRunner.main(InternalAntRunner.java:138)
</error>
  <system-out><![CDATA[]]></system-out>
  <system-err><![CDATA[]]></system-err>
</testsuite>
